<?xml version="1.0" encoding="UTF-8"?>
<!-- Generated by org.testng.reporters.JUnitXMLReporter -->
<testsuite hostname="DI-DENG" name="Default test" tests="3" failures="0" timestamp="8 Aug 2018 11:34:24 GMT" time="34.201" errors="0">
  <testcase name="BtnStay" time="34.187" classname="to8to_app.testcase.TestClassApp"/>
  <testcase name="clickSetting" time="0.001" classname="to8to_app.testcase.TestClassApp">
    <skipped/>
  </testcase> <!-- clickSetting -->
  <testcase name="loginContact" time="0.0" classname="to8to_app.testcase.TestClassApp">
    <skipped/>
  </testcase> <!-- loginContact -->
</testsuite> <!-- Default test -->
